#
# There is insufficient memory for the Java Runtime Environment to continue.
# Native memory allocation (mmap) failed to map 65536 bytes. Error detail: Failed to commit metaspace.
# Possible reasons:
#   The system is out of physical RAM or swap space
#   This process is running with CompressedOops enabled, and the Java Heap may be blocking the growth of the native heap
# Possible solutions:
#   Reduce memory load on the system
#   Increase physical memory or swap space
#   Check if swap backing store is full
#   Decrease Java heap size (-Xmx/-Xms)
#   Decrease number of Java threads
#   Decrease Java thread stack sizes (-Xss)
#   Set larger code cache with -XX:ReservedCodeCacheSize=
#   JVM is running with Unscaled Compressed Oops mode in which the Java heap is
#     placed in the first 4GB address space. The Java Heap base address is the
#     maximum limit for the native heap growth. Please use -XX:HeapBaseMinAddress
#     to set the Java Heap base and to place the Java Heap above 4GB virtual address.
# This output file may be truncated or incomplete.
#
#  Out of Memory Error (virtualSpaceNode.cpp:113), pid=17992, tid=19492
#
# JRE version: OpenJDK Runtime Environment (21.0.10) (build 21.0.10+-14961533-b1163.108)
# Java VM: OpenJDK 64-Bit Server VM (21.0.10+-14961533-b1163.108, mixed mode, tiered, compressed oops, compressed class ptrs, g1 gc, windows-amd64)
# No core dump will be written. Minidumps are not enabled by default on client versions of Windows
#

---------------  S U M M A R Y ------------

Command Line: -Xmx64m -Xms64m -Dorg.gradle.appname=gradlew org.gradle.wrapper.GradleWrapperMain validateJavaVersion clean assembleMonoDebug -p D:/AR PROJECT/ar-project/android/build -Paddons_directory=D:/AR PROJECT/ar-project/addons -Pexport_package_name=com.johnandrew.arproject -Pexport_version_code=1 -Pexport_version_name=1.0.0 -Pexport_version_min_sdk=24 -Pexport_version_target_sdk=35 -Pexport_enabled_abis=arm64-v8a -Pplugins_local_binaries= -Pplugins_remote_binaries= -Pplugins_maven_repos= -Pperform_zipalign=true -Pperform_signing=true -Pcompress_native_libraries=false -Pdebug_keystore_file=D:/AndroidSDK/debug.keystore -Pdebug_keystore_alias=androiddebugkey -Pdebug_keystore_password=android

Host: 11th Gen Intel(R) Core(TM) i3-1115G4 @ 3.00GHz, 4 cores, 7G,  Windows 11 , 64 bit Build 26100 (10.0.26100.8246)
Time: Thu Apr 23 22:16:47 2026 Taipei Standard Time elapsed time: 0.393011 seconds (0d 0h 0m 0s)

---------------  T H R E A D  ---------------

Current thread (0x00000225a0abf730):  JavaThread "main"             [_thread_in_vm, id=19492, stack(0x00000050d8300000,0x00000050d8400000) (1024K)]

Stack: [0x00000050d8300000,0x00000050d8400000]
Native frames: (J=compiled Java code, j=interpreted, Vv=VM code, C=native code)
V  [jvm.dll+0x6d78a9]
V  [jvm.dll+0x8665b3]
V  [jvm.dll+0x868bde]
V  [jvm.dll+0x8692c3]
V  [jvm.dll+0x280ee6]
V  [jvm.dll+0x86146e]
V  [jvm.dll+0x67add5]
V  [jvm.dll+0x67ae3a]
V  [jvm.dll+0x67d696]
V  [jvm.dll+0x67d562]
V  [jvm.dll+0x67b7ce]
V  [jvm.dll+0x27cd96]
V  [jvm.dll+0x72e1ea]
V  [jvm.dll+0x72ed5f]
V  [jvm.dll+0x3c85a0]
V  [jvm.dll+0x3c734c]
V  [jvm.dll+0x3c72e8]
V  [jvm.dll+0x3d93ea]
C  0x00000225ab16aa4b

The last pc belongs to new (printed below).
Java frames: (J=compiled Java code, j=interpreted, Vv=VM code)
j  org.gradle.wrapper.BootstrapMainStarter.start([Ljava/lang/String;Ljava/io/File;)V+30
j  org.gradle.wrapper.WrapperExecutor.execute([Ljava/lang/String;Lorg/gradle/wrapper/Install;Lorg/gradle/wrapper/BootstrapMainStarter;)V+14
j  org.gradle.wrapper.GradleWrapperMain.main([Ljava/lang/String;)V+187
v  ~StubRoutines::call_stub 0x00000225ab1510e7
new  187 new  [0x00000225ab16a8c0, 0x00000225ab16aac0]  512 bytes
[MachCode]
  0x00000225ab16a8c0: 4883 ec08 | c5fa 1104 | 24eb 1f48 | 83ec 10c5 | fb11 0424 | eb14 4883 | ec10 4889 | 0424 48c7 
  0x00000225ab16a8e0: 4424 0800 | 0000 00eb | 0150 410f | b755 010f | cac1 ea10 | 488b 4de8 | 488b 4908 | 488b 4908 
  0x00000225ab16a900: 488b 4108 | 807c 1004 | 070f 85ca | 0000 0066 | 8b54 d148 | 488b 4928 | 488b 4cd1 | 0851 80b9 
  0x00000225ab16a920: 6101 0000 | 040f 85ad | 0000 008b | 5108 f6c2 | 010f 85a1 | 0000 0049 | 8b87 b801 | 0000 488d 
  0x00000225ab16a940: 1c10 493b | 9fc8 0100 | 000f 8789 | 0000 0049 | 899f b801 | 0000 4883 | ea10 0f84 | 0f00 0000 
  0x00000225ab16a960: 33c9 c1ea | 0348 894c | d008 48ff | ca75 f648 | c700 0100 | 0000 5933 | f689 700c | 48c1 e903 
  0x00000225ab16a980: 8948 0849 | baa9 fafa | 7bf8 7f00 | 0041 803a | 000f 843c | 0000 0050 | 488b c848 | 83ec 2040 
  0x00000225ab16a9a0: f6c4 0f0f | 8419 0000 | 0048 83ec | 0848 b870 | e9b4 7bf8 | 7f00 00ff | d048 83c4 | 08e9 0c00 
  0x00000225ab16a9c0: 0000 48b8 | 70e9 b47b | f87f 0000 | ffd0 4883 | c420 58e9 | cb00 0000 | 5948 8b55 | e848 8b52 
  0x00000225ab16a9e0: 0848 8b52 | 0845 0fb7 | 4501 410f | c841 c1e8 | 10e8 0500 | 0000 e9a8 | 0000 0048 | 8d44 2408 
  0x00000225ab16aa00: 4c89 6dc0 | 498b cfc5 | f877 4989 | afb0 0300 | 0049 8987 | a003 0000 | 4883 ec20 | 40f6 c40f 
  0x00000225ab16aa20: 0f84 1900 | 0000 4883 | ec08 48b8 | 6093 7e7b | f87f 0000 | ffd0 4883 | c408 e90c | 0000 0048 
  0x00000225ab16aa40: b860 937e | 7bf8 7f00 | 00ff d048 | 83c4 2049 | c787 a003 | 0000 0000 | 0000 49c7 | 87b0 0300 
  0x00000225ab16aa60: 0000 0000 | 0049 c787 | a803 0000 | 0000 0000 | c5f8 7749 | 837f 0800 | 0f84 0500 | 0000 e97d 
  0x00000225ab16aa80: 64fe ff49 | 8b87 f803 | 0000 49c7 | 87f8 0300 | 0000 0000 | 004c 8b6d | c04c 8b75 | c84e 8d74 
  0x00000225ab16aaa0: f500 c341 | 0fb6 5d03 | 4983 c503 | 49ba 90c6 | fd7b f87f | 0000 41ff | 24da 660f | 1f44 0000 
[/MachCode]

---------------  P R O C E S S  ---------------

Threads class SMR info:
_java_thread_list=0x00000225b5572b90, length=11, elements={
0x00000225a0abf730, 0x00000225b5388070, 0x00000225b5258d40, 0x00000225b53a1770,
0x00000225b53b5a60, 0x00000225b53b64c0, 0x00000225b53ab970, 0x00000225b53dd2e0,
0x00000225b53efde0, 0x00000225b53f6b80, 0x00000225b54a4c90
}

Java Threads: ( => current thread )
=>0x00000225a0abf730 JavaThread "main"                              [_thread_in_vm, id=19492, stack(0x00000050d8300000,0x00000050d8400000) (1024K)]
  0x00000225b5388070 JavaThread "Common-Cleaner"             daemon [_thread_blocked, id=12944, stack(0x00000050d8b00000,0x00000050d8c00000) (1024K)]
  0x00000225b5258d40 JavaThread "Reference Handler"          daemon [_thread_blocked, id=17348, stack(0x00000050d8c00000,0x00000050d8d00000) (1024K)]
  0x00000225b53a1770 JavaThread "Finalizer"                  daemon [_thread_blocked, id=5624, stack(0x00000050d8d00000,0x00000050d8e00000) (1024K)]
  0x00000225b53b5a60 JavaThread "Signal Dispatcher"          daemon [_thread_blocked, id=9972, stack(0x00000050d8e00000,0x00000050d8f00000) (1024K)]
  0x00000225b53b64c0 JavaThread "Attach Listener"            daemon [_thread_blocked, id=18868, stack(0x00000050d8f00000,0x00000050d9000000) (1024K)]
  0x00000225b53ab970 JavaThread "Service Thread"             daemon [_thread_blocked, id=20276, stack(0x00000050d9000000,0x00000050d9100000) (1024K)]
  0x00000225b53dd2e0 JavaThread "Monitor Deflation Thread"   daemon [_thread_blocked, id=17664, stack(0x00000050d9100000,0x00000050d9200000) (1024K)]
  0x00000225b53efde0 JavaThread "C2 CompilerThread0"         daemon [_thread_blocked, id=19724, stack(0x00000050d9200000,0x00000050d9300000) (1024K)]
  0x00000225b53f6b80 JavaThread "C1 CompilerThread0"         daemon [_thread_in_vm, id=18916, stack(0x00000050d9300000,0x00000050d9400000) (1024K)]
  0x00000225b54a4c90 JavaThread "Notification Thread"        daemon [_thread_blocked, id=18896, stack(0x00000050d9400000,0x00000050d9500000) (1024K)]
Total: 11

Other Threads:
  0x00000225b51dcf60 VMThread "VM Thread"                           [id=12048, stack(0x00000050d8a00000,0x00000050d8b00000) (1024K)]
  0x00000225b5180a40 WatcherThread "VM Periodic Task Thread"        [id=7540, stack(0x00000050d8900000,0x00000050d8a00000) (1024K)]
  0x00000225a0ad8030 WorkerThread "GC Thread#0"                     [id=8676, stack(0x00000050d8400000,0x00000050d8500000) (1024K)]
  0x00000225a0ad9f40 ConcurrentGCThread "G1 Main Marker"            [id=14916, stack(0x00000050d8500000,0x00000050d8600000) (1024K)]
  0x00000225a0adb7a0 WorkerThread "G1 Conc#0"                       [id=18716, stack(0x00000050d8600000,0x00000050d8700000) (1024K)]
  0x00000225a0b76090 ConcurrentGCThread "G1 Refine#0"               [id=8264, stack(0x00000050d8700000,0x00000050d8800000) (1024K)]
  0x00000225a0b779d0 ConcurrentGCThread "G1 Service"                [id=1696, stack(0x00000050d8800000,0x00000050d8900000) (1024K)]
Total: 7

Threads with active compile tasks:
C1 CompilerThread0  410  265       3       java.util.AbstractList::<init> (10 bytes)
Total: 1

VM state: not at safepoint (normal execution)

VM Mutex/Monitor currently owned by a thread:  ([mutex/lock_event])
[0x00007ff87bfc64d0] Metaspace_lock - owner thread: 0x00000225a0abf730

Heap address: 0x00000000fc000000, size: 64 MB, Compressed Oops mode: 32-bit

CDS archive(s) not mapped
Compressed class space mapped at: 0x0000000100000000-0x0000000140000000, reserved size: 1073741824
Narrow klass base: 0x0000000000000000, Narrow klass shift: 3, Narrow klass range: 0x140000000

GC Precious Log:
 CardTable entry size: 512
 Card Set container configuration: InlinePtr #cards 5 size 8 Array Of Cards #cards 12 size 40 Howl #buckets 4 coarsen threshold 1843 Howl Bitmap #cards 512 size 80 coarsen threshold 460 Card regions per heap region 1 cards per card region 2048
 CPUs: 4 total, 4 available
 Memory: 7991M
 Large Page Support: Disabled
 NUMA Support: Disabled
 Compressed Oops: Enabled (32-bit)
 Heap Region Size: 1M
 Heap Min Capacity: 64M
 Heap Initial Capacity: 64M
 Heap Max Capacity: 64M
 Pre-touch: Disabled
 Parallel Workers: 4
 Concurrent Workers: 1
 Concurrent Refinement Workers: 4
 Periodic GC: Disabled

Heap:
 garbage-first heap   total 65536K, used 3072K [0x00000000fc000000, 0x0000000100000000)
  region size 1024K, 4 young (4096K), 0 survivors (0K)
 Metaspace       used 7809K, committed 7936K, reserved 1114112K
  class space    used 722K, committed 832K, reserved 1048576K

Heap Regions: E=young(eden), S=young(survivor), O=old, HS=humongous(starts), HC=humongous(continues), CS=collection set, F=free, TAMS=top-at-mark-start, PB=parsable bottom
|   0|0x00000000fc000000, 0x00000000fc000000, 0x00000000fc100000|  0%| F|  |TAMS 0x00000000fc000000| PB 0x00000000fc000000| Untracked 
|   1|0x00000000fc100000, 0x00000000fc100000, 0x00000000fc200000|  0%| F|  |TAMS 0x00000000fc100000| PB 0x00000000fc100000| Untracked 
|   2|0x00000000fc200000, 0x00000000fc200000, 0x00000000fc300000|  0%| F|  |TAMS 0x00000000fc200000| PB 0x00000000fc200000| Untracked 
|   3|0x00000000fc300000, 0x00000000fc300000, 0x00000000fc400000|  0%| F|  |TAMS 0x00000000fc300000| PB 0x00000000fc300000| Untracked 
|   4|0x00000000fc400000, 0x00000000fc400000, 0x00000000fc500000|  0%| F|  |TAMS 0x00000000fc400000| PB 0x00000000fc400000| Untracked 
|   5|0x00000000fc500000, 0x00000000fc500000, 0x00000000fc600000|  0%| F|  |TAMS 0x00000000fc500000| PB 0x00000000fc500000| Untracked 
|   6|0x00000000fc600000, 0x00000000fc600000, 0x00000000fc700000|  0%| F|  |TAMS 0x00000000fc600000| PB 0x00000000fc600000| Untracked 
|   7|0x00000000fc700000, 0x00000000fc700000, 0x00000000fc800000|  0%| F|  |TAMS 0x00000000fc700000| PB 0x00000000fc700000| Untracked 
|   8|0x00000000fc800000, 0x00000000fc800000, 0x00000000fc900000|  0%| F|  |TAMS 0x00000000fc800000| PB 0x00000000fc800000| Untracked 
|   9|0x00000000fc900000, 0x00000000fc900000, 0x00000000fca00000|  0%| F|  |TAMS 0x00000000fc900000| PB 0x00000000fc900000| Untracked 
|  10|0x00000000fca00000, 0x00000000fca00000, 0x00000000fcb00000|  0%| F|  |TAMS 0x00000000fca00000| PB 0x00000000fca00000| Untracked 
|  11|0x00000000fcb00000, 0x00000000fcb00000, 0x00000000fcc00000|  0%| F|  |TAMS 0x00000000fcb00000| PB 0x00000000fcb00000| Untracked 
|  12|0x00000000fcc00000, 0x00000000fcc00000, 0x00000000fcd00000|  0%| F|  |TAMS 0x00000000fcc00000| PB 0x00000000fcc00000| Untracked 
|  13|0x00000000fcd00000, 0x00000000fcd00000, 0x00000000fce00000|  0%| F|  |TAMS 0x00000000fcd00000| PB 0x00000000fcd00000| Untracked 
|  14|0x00000000fce00000, 0x00000000fce00000, 0x00000000fcf00000|  0%| F|  |TAMS 0x00000000fce00000| PB 0x00000000fce00000| Untracked 
|  15|0x00000000fcf00000, 0x00000000fcf00000, 0x00000000fd000000|  0%| F|  |TAMS 0x00000000fcf00000| PB 0x00000000fcf00000| Untracked 
|  16|0x00000000fd000000, 0x00000000fd000000, 0x00000000fd100000|  0%| F|  |TAMS 0x00000000fd000000| PB 0x00000000fd000000| Untracked 
|  17|0x00000000fd100000, 0x00000000fd100000, 0x00000000fd200000|  0%| F|  |TAMS 0x00000000fd100000| PB 0x00000000fd100000| Untracked 
|  18|0x00000000fd200000, 0x00000000fd200000, 0x00000000fd300000|  0%| F|  |TAMS 0x00000000fd200000| PB 0x00000000fd200000| Untracked 
|  19|0x00000000fd300000, 0x00000000fd300000, 0x00000000fd400000|  0%| F|  |TAMS 0x00000000fd300000| PB 0x00000000fd300000| Untracked 
|  20|0x00000000fd400000, 0x00000000fd400000, 0x00000000fd500000|  0%| F|  |TAMS 0x00000000fd400000| PB 0x00000000fd400000| Untracked 
|  21|0x00000000fd500000, 0x00000000fd500000, 0x00000000fd600000|  0%| F|  |TAMS 0x00000000fd500000| PB 0x00000000fd500000| Untracked 
|  22|0x00000000fd600000, 0x00000000fd600000, 0x00000000fd700000|  0%| F|  |TAMS 0x00000000fd600000| PB 0x00000000fd600000| Untracked 
|  23|0x00000000fd700000, 0x00000000fd700000, 0x00000000fd800000|  0%| F|  |TAMS 0x00000000fd700000| PB 0x00000000fd700000| Untracked 
|  24|0x00000000fd800000, 0x00000000fd800000, 0x00000000fd900000|  0%| F|  |TAMS 0x00000000fd800000| PB 0x00000000fd800000| Untracked 
|  25|0x00000000fd900000, 0x00000000fd900000, 0x00000000fda00000|  0%| F|  |TAMS 0x00000000fd900000| PB 0x00000000fd900000| Untracked 
|  26|0x00000000fda00000, 0x00000000fda00000, 0x00000000fdb00000|  0%| F|  |TAMS 0x00000000fda00000| PB 0x00000000fda00000| Untracked 
|  27|0x00000000fdb00000, 0x00000000fdb00000, 0x00000000fdc00000|  0%| F|  |TAMS 0x00000000fdb00000| PB 0x00000000fdb00000| Untracked 
|  28|0x00000000fdc00000, 0x00000000fdc00000, 0x00000000fdd00000|  0%| F|  |TAMS 0x00000000fdc00000| PB 0x00000000fdc00000| Untracked 
|  29|0x00000000fdd00000, 0x00000000fdd00000, 0x00000000fde00000|  0%| F|  |TAMS 0x00000000fdd00000| PB 0x00000000fdd00000| Untracked 
|  30|0x00000000fde00000, 0x00000000fde00000, 0x00000000fdf00000|  0%| F|  |TAMS 0x00000000fde00000| PB 0x00000000fde00000| Untracked 
|  31|0x00000000fdf00000, 0x00000000fdf00000, 0x00000000fe000000|  0%| F|  |TAMS 0x00000000fdf00000| PB 0x00000000fdf00000| Untracked 
|  32|0x00000000fe000000, 0x00000000fe000000, 0x00000000fe100000|  0%| F|  |TAMS 0x00000000fe000000| PB 0x00000000fe000000| Untracked 
|  33|0x00000000fe100000, 0x00000000fe100000, 0x00000000fe200000|  0%| F|  |TAMS 0x00000000fe100000| PB 0x00000000fe100000| Untracked 
|  34|0x00000000fe200000, 0x00000000fe200000, 0x00000000fe300000|  0%| F|  |TAMS 0x00000000fe200000| PB 0x00000000fe200000| Untracked 
|  35|0x00000000fe300000, 0x00000000fe300000, 0x00000000fe400000|  0%| F|  |TAMS 0x00000000fe300000| PB 0x00000000fe300000| Untracked 
|  36|0x00000000fe400000, 0x00000000fe400000, 0x00000000fe500000|  0%| F|  |TAMS 0x00000000fe400000| PB 0x00000000fe400000| Untracked 
|  37|0x00000000fe500000, 0x00000000fe500000, 0x00000000fe600000|  0%| F|  |TAMS 0x00000000fe500000| PB 0x00000000fe500000| Untracked 
|  38|0x00000000fe600000, 0x00000000fe600000, 0x00000000fe700000|  0%| F|  |TAMS 0x00000000fe600000| PB 0x00000000fe600000| Untracked 
|  39|0x00000000fe700000, 0x00000000fe700000, 0x00000000fe800000|  0%| F|  |TAMS 0x00000000fe700000| PB 0x00000000fe700000| Untracked 
|  40|0x00000000fe800000, 0x00000000fe800000, 0x00000000fe900000|  0%| F|  |TAMS 0x00000000fe800000| PB 0x00000000fe800000| Untracked 
|  41|0x00000000fe900000, 0x00000000fe900000, 0x00000000fea00000|  0%| F|  |TAMS 0x00000000fe900000| PB 0x00000000fe900000| Untracked 
|  42|0x00000000fea00000, 0x00000000fea00000, 0x00000000feb00000|  0%| F|  |TAMS 0x00000000fea00000| PB 0x00000000fea00000| Untracked 
|  43|0x00000000feb00000, 0x00000000feb00000, 0x00000000fec00000|  0%| F|  |TAMS 0x00000000feb00000| PB 0x00000000feb00000| Untracked 
|  44|0x00000000fec00000, 0x00000000fec00000, 0x00000000fed00000|  0%| F|  |TAMS 0x00000000fec00000| PB 0x00000000fec00000| Untracked 
|  45|0x00000000fed00000, 0x00000000fed00000, 0x00000000fee00000|  0%| F|  |TAMS 0x00000000fed00000| PB 0x00000000fed00000| Untracked 
|  46|0x00000000fee00000, 0x00000000fee00000, 0x00000000fef00000|  0%| F|  |TAMS 0x00000000fee00000| PB 0x00000000fee00000| Untracked 
|  47|0x00000000fef00000, 0x00000000fef00000, 0x00000000ff000000|  0%| F|  |TAMS 0x00000000fef00000| PB 0x00000000fef00000| Untracked 
|  48|0x00000000ff000000, 0x00000000ff000000, 0x00000000ff100000|  0%| F|  |TAMS 0x00000000ff000000| PB 0x00000000ff000000| Untracked 
|  49|0x00000000ff100000, 0x00000000ff100000, 0x00000000ff200000|  0%| F|  |TAMS 0x00000000ff100000| PB 0x00000000ff100000| Untracked 
|  50|0x00000000ff200000, 0x00000000ff200000, 0x00000000ff300000|  0%| F|  |TAMS 0x00000000ff200000| PB 0x00000000ff200000| Untracked 
|  51|0x00000000ff300000, 0x00000000ff300000, 0x00000000ff400000|  0%| F|  |TAMS 0x00000000ff300000| PB 0x00000000ff300000| Untracked 
|  52|0x00000000ff400000, 0x00000000ff400000, 0x00000000ff500000|  0%| F|  |TAMS 0x00000000ff400000| PB 0x00000000ff400000| Untracked 
|  53|0x00000000ff500000, 0x00000000ff500000, 0x00000000ff600000|  0%| F|  |TAMS 0x00000000ff500000| PB 0x00000000ff500000| Untracked 
|  54|0x00000000ff600000, 0x00000000ff600000, 0x00000000ff700000|  0%| F|  |TAMS 0x00000000ff600000| PB 0x00000000ff600000| Untracked 
|  55|0x00000000ff700000, 0x00000000ff700000, 0x00000000ff800000|  0%| F|  |TAMS 0x00000000ff700000| PB 0x00000000ff700000| Untracked 
|  56|0x00000000ff800000, 0x00000000ff800000, 0x00000000ff900000|  0%| F|  |TAMS 0x00000000ff800000| PB 0x00000000ff800000| Untracked 
|  57|0x00000000ff900000, 0x00000000ff900000, 0x00000000ffa00000|  0%| F|  |TAMS 0x00000000ff900000| PB 0x00000000ff900000| Untracked 
|  58|0x00000000ffa00000, 0x00000000ffa00000, 0x00000000ffb00000|  0%| F|  |TAMS 0x00000000ffa00000| PB 0x00000000ffa00000| Untracked 
|  59|0x00000000ffb00000, 0x00000000ffb00000, 0x00000000ffc00000|  0%| F|  |TAMS 0x00000000ffb00000| PB 0x00000000ffb00000| Untracked 
|  60|0x00000000ffc00000, 0x00000000ffc85440, 0x00000000ffd00000| 52%| E|  |TAMS 0x00000000ffc00000| PB 0x00000000ffc00000| Complete 
|  61|0x00000000ffd00000, 0x00000000ffe00000, 0x00000000ffe00000|100%| E|CS|TAMS 0x00000000ffd00000| PB 0x00000000ffd00000| Complete 
|  62|0x00000000ffe00000, 0x00000000fff00000, 0x00000000fff00000|100%| E|CS|TAMS 0x00000000ffe00000| PB 0x00000000ffe00000| Complete 
|  63|0x00000000fff00000, 0x0000000100000000, 0x0000000100000000|100%| E|CS|TAMS 0x00000000fff00000| PB 0x00000000fff00000| Complete 

Card table byte_map: [0x000002259e8b0000,0x000002259e8d0000] _byte_map_base: 0x000002259e0d0000

Marking Bits: (CMBitMap*) 0x00000225a0ad8650
 Bits: [0x00000225a08a0000, 0x00000225a09a0000)

Polling page: 0x000002259e860000

Metaspace:

Usage:
  Non-class:      6.92 MB used.
      Class:    722.47 KB used.
       Both:      7.63 MB used.

Virtual space:
  Non-class space:       64.00 MB reserved,       6.94 MB ( 11%) committed,  1 nodes.
      Class space:        1.00 GB reserved,     832.00 KB ( <1%) committed,  1 nodes.
             Both:        1.06 GB reserved,       7.75 MB ( <1%) committed. 

Chunk freelists:
   Non-Class:  8.94 MB
       Class:  15.23 MB
        Both:  24.16 MB

MaxMetaspaceSize: unlimited
CompressedClassSpaceSize: 1.00 GB
Initial GC threshold: 21.00 MB
Current GC threshold: 21.00 MB
CDS: off
 - commit_granule_bytes: 65536.
 - commit_granule_words: 8192.
 - virtual_space_node_default_size: 8388608.
 - enlarge_chunks_in_place: 1.
 - use_allocation_guard: 0.


Internal statistics:

num_allocs_failed_limit: 0.
num_arena_births: 6.
num_arena_deaths: 0.
num_vsnodes_births: 2.
num_vsnodes_deaths: 0.
num_space_committed: 124.
num_space_uncommitted: 0.
num_chunks_returned_to_freelist: 0.
num_chunks_taken_from_freelist: 32.
num_chunk_merges: 0.
num_chunk_splits: 14.
num_chunks_enlarged: 9.
num_inconsistent_stats: 0.

CodeHeap 'non-profiled nmethods': size=120000Kb used=87Kb max_used=87Kb free=119912Kb
 bounds [0x00000225ab6f0000, 0x00000225ab960000, 0x00000225b2c20000]
CodeHeap 'profiled nmethods': size=120000Kb used=371Kb max_used=371Kb free=119628Kb
 bounds [0x00000225a3c20000, 0x00000225a3e90000, 0x00000225ab150000]
CodeHeap 'non-nmethods': size=5760Kb used=1331Kb max_used=1344Kb free=4429Kb
 bounds [0x00000225ab150000, 0x00000225ab3c0000, 0x00000225ab6f0000]
CodeCache: size=245760Kb, used=1789Kb, max_used=1802Kb, free=243969Kb
 total_blobs=701, nmethods=279, adapters=327, full_count=0
Compilation: enabled, stopped_count=0, restarted_count=0

Compilation events (20 events):
Event: 0.388 Thread 0x00000225b53f6b80  268   !   3       java.util.regex.Pattern::RemoveQEQuoting (370 bytes)
Event: 0.389 Thread 0x00000225b53f6b80 nmethod 268 0x00000225a3c75410 code [0x00000225a3c756e0, 0x00000225a3c767c8]
Event: 0.389 Thread 0x00000225b53f6b80  272       3       java.util.regex.Pattern::compile (537 bytes)
Event: 0.390 Thread 0x00000225b53efde0  279       4       java.lang.Character::charCount (12 bytes)
Event: 0.391 Thread 0x00000225b53efde0 nmethod 279 0x00000225ab704e90 code [0x00000225ab705020, 0x00000225ab7050a8]
Event: 0.391 Thread 0x00000225b53efde0  281       4       java.lang.String::codePointAt (50 bytes)
Event: 0.391 Thread 0x00000225b53f6b80 nmethod 272 0x00000225a3c76e90 code [0x00000225a3c77380, 0x00000225a3c79fa0]
Event: 0.391 Thread 0x00000225b53f6b80  277       3       java.util.regex.Matcher::match (154 bytes)
Event: 0.391 Thread 0x00000225b53f6b80 nmethod 277 0x00000225a3c7aa90 code [0x00000225a3c7ac80, 0x00000225a3c7b1c8]
Event: 0.391 Thread 0x00000225b53f6b80  278       3       java.util.regex.Pattern$BnM::optimize (179 bytes)
Event: 0.391 Thread 0x00000225b53efde0 nmethod 281 0x00000225ab705190 code [0x00000225ab705320, 0x00000225ab705438]
Event: 0.391 Thread 0x00000225b53efde0  282       4       java.util.regex.Pattern::next (33 bytes)
Event: 0.392 Thread 0x00000225b53f6b80 nmethod 278 0x00000225a3c7b390 code [0x00000225a3c7b600, 0x00000225a3c7c328]
Event: 0.392 Thread 0x00000225b53f6b80  280       3       java.util.regex.Pattern::nextEscaped (19 bytes)
Event: 0.392 Thread 0x00000225b53f6b80 nmethod 280 0x00000225a3c7c710 code [0x00000225a3c7c8c0, 0x00000225a3c7ca00]
Event: 0.392 Thread 0x00000225b53f6b80  270       3       java.util.ArrayList$Itr::hasNext (20 bytes)
Event: 0.392 Thread 0x00000225b53f6b80 nmethod 270 0x00000225a3c7cb10 code [0x00000225a3c7ccc0, 0x00000225a3c7ce30]
Event: 0.392 Thread 0x00000225b53f6b80  265       3       java.util.AbstractList::<init> (10 bytes)
Event: 0.392 Thread 0x00000225b53efde0 nmethod 282 0x00000225ab705590 code [0x00000225ab705720, 0x00000225ab705828]
Event: 0.392 Thread 0x00000225b53efde0  283       4       java.util.regex.Pattern::append (43 bytes)

GC Heap History (0 events):
No events

Dll operation events (2 events):
Event: 0.077 Loaded shared library D:\Android\jbr\bin\java.dll
Event: 0.109 Loaded shared library D:\Android\jbr\bin\zip.dll

Deoptimization events (0 events):
No events

Classes loaded (20 events):
Event: 0.376 Loading class sun/nio/ch/FileLockTable$FileLockReference
Event: 0.376 Loading class sun/nio/ch/FileLockTable$FileLockReference done
Event: 0.377 Loading class java/io/IoOverNioFileSystem$AcceptAllFilter
Event: 0.377 Loading class java/nio/file/DirectoryStream$Filter
Event: 0.377 Loading class java/nio/file/DirectoryStream$Filter done
Event: 0.377 Loading class java/io/IoOverNioFileSystem$AcceptAllFilter done
Event: 0.377 Loading class sun/nio/fs/WindowsDirectoryStream
Event: 0.377 Loading class java/nio/file/DirectoryStream
Event: 0.377 Loading class java/nio/file/DirectoryStream done
Event: 0.377 Loading class sun/nio/fs/WindowsDirectoryStream done
Event: 0.378 Loading class sun/nio/fs/WindowsDirectoryStream$WindowsDirectoryIterator
Event: 0.378 Loading class sun/nio/fs/WindowsDirectoryStream$WindowsDirectoryIterator done
Event: 0.378 Loading class sun/nio/fs/WindowsPath$WindowsPathWithAttributes
Event: 0.378 Loading class sun/nio/fs/BasicFileAttributesHolder
Event: 0.378 Loading class sun/nio/fs/BasicFileAttributesHolder done
Event: 0.378 Loading class sun/nio/fs/WindowsPath$WindowsPathWithAttributes done
Event: 0.378 Loading class java/util/function/IntFunction
Event: 0.378 Loading class java/util/function/IntFunction done
Event: 0.387 Loading class java/io/RandomAccessFile$1
Event: 0.388 Loading class java/io/RandomAccessFile$1 done

Classes unloaded (0 events):
No events

Classes redefined (0 events):
No events

Internal exceptions (1 events):
Event: 0.309 Thread 0x00000225a0abf730 Exception <a 'sun/nio/fs/WindowsException'{0x00000000ffeff558}> (0x00000000ffeff558) 
thrown [s\src\hotspot\share\prims\jni.cpp, line 537]

ZGC Phase Switch (0 events):
No events

VM Operations (2 events):
Event: 0.275 Executing non-safepoint VM operation: HandshakeAllThreads (Deoptimize)
Event: 0.275 Executing non-safepoint VM operation: HandshakeAllThreads (Deoptimize) done

Memory protections (0 events):
No events

Nmethod flushes (0 events):
No events

Events (14 events):
Event: 0.081 Thread 0x00000225a0abf730 Thread added: 0x00000225a0abf730
Event: 0.146 Thread 0x00000225a0abf730 Thread added: 0x00000225b5388070
Event: 0.151 Thread 0x00000225a0abf730 Thread added: 0x00000225b5258d40
Event: 0.151 Thread 0x00000225a0abf730 Thread added: 0x00000225b53a1770
Event: 0.152 Thread 0x00000225a0abf730 Thread added: 0x00000225b53b5a60
Event: 0.152 Thread 0x00000225a0abf730 Thread added: 0x00000225b53b64c0
Event: 0.152 Thread 0x00000225a0abf730 Thread added: 0x00000225b53ab970
Event: 0.152 Thread 0x00000225a0abf730 Thread added: 0x00000225b53dd2e0
Event: 0.152 Thread 0x00000225a0abf730 Thread added: 0x00000225b53efde0
Event: 0.152 Thread 0x00000225a0abf730 Thread added: 0x00000225b53f6b80
Event: 0.178 Thread 0x00000225a0abf730 Thread added: 0x00000225b54a4c90
Event: 0.223 Loaded shared library D:\Android\jbr\bin\net.dll
Event: 0.257 Loaded shared library D:\Android\jbr\bin\nio.dll
Event: 0.273 Loaded shared library D:\Android\jbr\bin\zip.dll


Dynamic libraries:
0x00007ff777fe0000 - 0x00007ff777fea000 	D:\Android\jbr\bin\java.exe
0x00007ff910320000 - 0x00007ff910587000 	C:\WINDOWS\SYSTEM32\ntdll.dll
0x00007ff90f460000 - 0x00007ff90f529000 	C:\WINDOWS\System32\KERNEL32.DLL
0x00007ff90db80000 - 0x00007ff90df74000 	C:\WINDOWS\System32\KERNELBASE.dll
0x00007ff90cf90000 - 0x00007ff90d0db000 	C:\WINDOWS\System32\ucrtbase.dll
0x00007ff8fa6b0000 - 0x00007ff8fa6c8000 	D:\Android\jbr\bin\jli.dll
0x00007ff8f4670000 - 0x00007ff8f468b000 	D:\Android\jbr\bin\VCRUNTIME140.dll
0x00007ff90e840000 - 0x00007ff90ea05000 	C:\WINDOWS\System32\USER32.dll
0x00007ff90cd70000 - 0x00007ff90cd97000 	C:\WINDOWS\System32\win32u.dll
0x00007ff90e360000 - 0x00007ff90e38b000 	C:\WINDOWS\System32\GDI32.dll
0x00007ff90df80000 - 0x00007ff90e0ab000 	C:\WINDOWS\System32\gdi32full.dll
0x00007ff8f4e00000 - 0x00007ff8f5093000 	C:\WINDOWS\WinSxS\amd64_microsoft.windows.common-controls_6595b64144ccf1df_6.0.26100.8115_none_3e075c82e3354f9c\COMCTL32.dll
0x00007ff90cee0000 - 0x00007ff90cf83000 	C:\WINDOWS\System32\msvcp_win.dll
0x00007ff90fdd0000 - 0x00007ff90fe79000 	C:\WINDOWS\System32\msvcrt.dll
0x00007ff90fe80000 - 0x00007ff90feb2000 	C:\WINDOWS\System32\IMM32.DLL
0x00007ff907930000 - 0x00007ff90793c000 	D:\Android\jbr\bin\vcruntime140_1.dll
0x00007ff8a7240000 - 0x00007ff8a72cd000 	D:\Android\jbr\bin\msvcp140.dll
0x00007ff87b410000 - 0x00007ff87c0a6000 	D:\Android\jbr\bin\server\jvm.dll
0x00007ff90e390000 - 0x00007ff90e446000 	C:\WINDOWS\System32\ADVAPI32.dll
0x00007ff90fb10000 - 0x00007ff90fbb7000 	C:\WINDOWS\System32\sechost.dll
0x00007ff90e240000 - 0x00007ff90e358000 	C:\WINDOWS\System32\RPCRT4.dll
0x00007ff90fbc0000 - 0x00007ff90fc40000 	C:\WINDOWS\System32\WS2_32.dll
0x00007ff90ca50000 - 0x00007ff90caae000 	C:\WINDOWS\SYSTEM32\POWRPROF.dll
0x00007ff9051a0000 - 0x00007ff9051d6000 	C:\WINDOWS\SYSTEM32\WINMM.dll
0x00007ff8fcea0000 - 0x00007ff8fceab000 	C:\WINDOWS\SYSTEM32\VERSION.dll
0x00007ff90ca30000 - 0x00007ff90ca44000 	C:\WINDOWS\SYSTEM32\UMPDC.dll
0x00007ff90b980000 - 0x00007ff90b99b000 	C:\WINDOWS\SYSTEM32\kernel.appcore.dll
0x00007ff907880000 - 0x00007ff90788a000 	D:\Android\jbr\bin\jimage.dll
0x00007ff90a7a0000 - 0x00007ff90a9e2000 	C:\WINDOWS\SYSTEM32\DBGHELP.DLL
0x00007ff90e450000 - 0x00007ff90e7d2000 	C:\WINDOWS\System32\combase.dll
0x00007ff90fc50000 - 0x00007ff90fd28000 	C:\WINDOWS\System32\OLEAUT32.dll
0x00007ff8d7c10000 - 0x00007ff8d7c4b000 	C:\WINDOWS\SYSTEM32\dbgcore.DLL
0x00007ff90ce30000 - 0x00007ff90ced5000 	C:\WINDOWS\System32\bcryptPrimitives.dll
0x00007ff8f3d30000 - 0x00007ff8f3d50000 	D:\Android\jbr\bin\java.dll
0x00007ff8f31a0000 - 0x00007ff8f31b8000 	D:\Android\jbr\bin\zip.dll
0x00007ff90eb10000 - 0x00007ff90f277000 	C:\WINDOWS\System32\SHELL32.dll
0x00007ff90d1a0000 - 0x00007ff90d30a000 	C:\WINDOWS\System32\wintypes.dll
0x00007ff90d310000 - 0x00007ff90db78000 	C:\WINDOWS\System32\windows.storage.dll
0x00007ff90ea10000 - 0x00007ff90eb08000 	C:\WINDOWS\System32\SHCORE.dll
0x00007ff910250000 - 0x00007ff9102b6000 	C:\WINDOWS\System32\shlwapi.dll
0x00007ff90cb10000 - 0x00007ff90cb39000 	C:\WINDOWS\SYSTEM32\profapi.dll
0x00007ff8fa4d0000 - 0x00007ff8fa4e0000 	D:\Android\jbr\bin\net.dll
0x00007ff8fead0000 - 0x00007ff8febfd000 	C:\WINDOWS\SYSTEM32\WINHTTP.dll
0x00007ff90bef0000 - 0x00007ff90bf5c000 	C:\WINDOWS\system32\mswsock.dll
0x00007ff8f1470000 - 0x00007ff8f1486000 	D:\Android\jbr\bin\nio.dll

JVMTI agents: none

dbghelp: loaded successfully - version: 4.0.5 - missing functions: none
symbol engine: initialized successfully - sym options: 0x614 - pdb path: .;D:\Android\jbr\bin;C:\WINDOWS\SYSTEM32;C:\WINDOWS\WinSxS\amd64_microsoft.windows.common-controls_6595b64144ccf1df_6.0.26100.8115_none_3e075c82e3354f9c;D:\Android\jbr\bin\server

VM Arguments:
jvm_args: -Xmx64m -Xms64m -Dorg.gradle.appname=gradlew 
java_command: org.gradle.wrapper.GradleWrapperMain validateJavaVersion clean assembleMonoDebug -p D:/AR PROJECT/ar-project/android/build -Paddons_directory=D:/AR PROJECT/ar-project/addons -Pexport_package_name=com.johnandrew.arproject -Pexport_version_code=1 -Pexport_version_name=1.0.0 -Pexport_version_min_sdk=24 -Pexport_version_target_sdk=35 -Pexport_enabled_abis=arm64-v8a -Pplugins_local_binaries= -Pplugins_remote_binaries= -Pplugins_maven_repos= -Pperform_zipalign=true -Pperform_signing=true -Pcompress_native_libraries=false -Pdebug_keystore_file=D:/AndroidSDK/debug.keystore -Pdebug_keystore_alias=androiddebugkey -Pdebug_keystore_password=android
java_class_path (initial): D:\AR PROJECT\ar-project\android\build\\gradle\wrapper\gradle-wrapper.jar
Launcher Type: SUN_STANDARD

[Global flags]
     intx CICompilerCount                          = 3                                         {product} {ergonomic}
     uint ConcGCThreads                            = 1                                         {product} {ergonomic}
     uint G1ConcRefinementThreads                  = 4                                         {product} {ergonomic}
   size_t G1HeapRegionSize                         = 1048576                                   {product} {ergonomic}
    uintx GCDrainStackTargetSize                   = 64                                        {product} {ergonomic}
   size_t InitialHeapSize                          = 67108864                                  {product} {command line}
   size_t MarkStackSize                            = 4194304                                   {product} {ergonomic}
   size_t MaxHeapSize                              = 67108864                                  {product} {command line}
   size_t MaxNewSize                               = 39845888                                  {product} {ergonomic}
   size_t MinHeapDeltaBytes                        = 1048576                                   {product} {ergonomic}
   size_t MinHeapSize                              = 67108864                                  {product} {command line}
    uintx NonNMethodCodeHeapSize                   = 5832780                                {pd product} {ergonomic}
    uintx NonProfiledCodeHeapSize                  = 122912730                              {pd product} {ergonomic}
    uintx ProfiledCodeHeapSize                     = 122912730                              {pd product} {ergonomic}
    uintx ReservedCodeCacheSize                    = 251658240                              {pd product} {ergonomic}
     bool SegmentedCodeCache                       = true                                      {product} {ergonomic}
   size_t SoftMaxHeapSize                          = 67108864                               {manageable} {ergonomic}
     bool UseCompressedOops                        = true                           {product lp64_product} {ergonomic}
     bool UseG1GC                                  = true                                      {product} {ergonomic}
     bool UseLargePagesIndividualAllocation        = false                                  {pd product} {ergonomic}

Logging:
Log output configuration:
 #0: stdout all=warning uptime,level,tags foldmultilines=false
 #1: stderr all=off uptime,level,tags foldmultilines=false

Release file:
JAVA_VERSION="21.0.10" 
MODULES="java.base java.compiler java.datatransfer java.xml java.prefs java.desktop java.instrument java.logging java.management java.security.sasl java.naming java.rmi java.management.rmi java.net.http java.scripting java.security.jgss java.transaction.xa java.sql java.sql.rowset java.xml.crypto java.se java.smartcardio jdk.accessibility jdk.internal.jvmstat jdk.attach jdk.charsets jdk.internal.opt jdk.zipfs jdk.compiler jdk.crypto.ec jdk.crypto.cryptoki jdk.dynalink jdk.hotspot.agent jdk.httpserver jdk.internal.ed jdk.internal.le jdk.internal.vm.ci jdk.jartool jdk.javadoc jdk.jcmd jdk.jdeps jdk.jdwp.agent jdk.jdi jdk.jfr jdk.jlink jdk.jsobject jdk.localedata jdk.management jdk.management.agent jdk.management.jfr jdk.naming.dns jdk.naming.rmi jdk.net jdk.sctp jdk.security.auth jdk.security.jgss jdk.unsupported jdk.unsupported.desktop jdk.xml.dom" 
IMPLEMENTOR="JetBrains s.r.o." 
JAVA_RUNTIME_VERSION="21.0.10+-14961533-b1163.108" 
LIBC="default" 
OS_ARCH="x86_64" 
OS_NAME="Windows" 
SOURCE=".:git:1351622c2ff2" 

Environment Variables:
JAVA_HOME=D:\Android\jbr
CLASSPATH=D:\AR PROJECT\ar-project\android\build\\gradle\wrapper\gradle-wrapper.jar
PATH=C:\Program Files (x86)\Common Files\Intel\Shared Libraries\redist\intel64\compiler;C:\Program Files (x86)\Common Files\Oracle\Java\javapath;C:\Windows\System32\HWAudioDriverLibs;C:\Windows\system32;C:\Windows;C:\Windows\System32\Wbem;C:\Windows\System32\WindowsPowerShell\v1.0\;C:\Windows\System32\OpenSSH\;C:\Users\Administrator\AppData\Local\Microsoft\WindowsApps;C:\WINDOWS\system32;C:\WINDOWS;C:\WINDOWS\System32\Wbem;C:\WINDOWS\System32\WindowsPowerShell\v1.0\;C:\WINDOWS\System32\OpenSSH\;C:\Program Files\dotnet\;D:\AndroidSDK\platform-tools;C:\Users\John Andrew\.local\bin;C:\Users\John Andrew\PyCharmMiscProject\TicTacToe\Scripts\;C:\Users\John Andrew\PyCharmMiscProject\TicTacToe\;C:\Users\John Andrew\AppData\Local\Microsoft\WindowsApps;C:\Users\John Andrew\AppData\Local\Programs\Microsoft VS Code\bin;C:\Users\John Andrew\AppData\Local\GitHubDesktop\bin;C:\Users\John Andrew\.dotnet\tools;C:\Users\John Andrew\AppData\Local\Python\bin
USERNAME=John Andrew
OS=Windows_NT
PROCESSOR_IDENTIFIER=Intel64 Family 6 Model 140 Stepping 1, GenuineIntel
TMP=C:\Users\JOHNAN~1\AppData\Local\Temp
TEMP=C:\Users\JOHNAN~1\AppData\Local\Temp




Periodic native trim disabled

JNI global refs:
JNI global refs: 7, weak refs: 0

JNI global refs memory usage: 835, weak refs: 201

Process memory usage:
Resident Set Size: 42308K (0% of 8183096K total physical memory with 1381172K free physical memory)

OOME stack traces (most recent first):
Classloader memory used:
Loader bootstrap                                                                       : 7654K
Loader jdk.internal.loader.ClassLoaders$AppClassLoader                                 : 154K

---------------  S Y S T E M  ---------------

OS:
 Windows 11 , 64 bit Build 26100 (10.0.26100.8246)
OS uptime: 0 days 0:16 hours
Hyper-V role detected

CPU: total 4 (initial active 4) (2 cores per cpu, 2 threads per core) family 6 model 140 stepping 1 microcode 0x8a, cx8, cmov, fxsr, ht, mmx, 3dnowpref, sse, sse2, sse3, ssse3, sse4.1, sse4.2, popcnt, lzcnt, tsc, tscinvbit, avx, avx2, aes, erms, clmul, bmi1, bmi2, adx, avx512f, avx512dq, avx512cd, avx512bw, avx512vl, sha, fma, vzeroupper, avx512_vpopcntdq, avx512_vpclmulqdq, avx512_vaes, avx512_vnni, clflush, clflushopt, clwb, avx512_vbmi2, avx512_vbmi, hv, rdtscp, rdpid, fsrm, gfni, avx512_bitalg, f16c, cet_ibt, cet_ss, avx512_ifma
Processor Information for the first 4 processors :
  Max Mhz: 2995, Current Mhz: 2995, Mhz Limit: 2995

Memory: 4k page, system-wide physical 7991M (1348M free)
TotalPageFile size 8465M (AvailPageFile size 2M)
current process WorkingSet (physical memory assigned to process): 41M, peak: 41M
current process commit charge ("private bytes"): 132M, peak: 133M

vm_info: OpenJDK 64-Bit Server VM (21.0.10+-14961533-b1163.108) for windows-amd64 JRE (21.0.10+-14961533-b1163.108), built on 2026-03-02T19:58:50Z by "builder" with MS VC++ 16.10 / 16.11 (VS2019)

END.
